c:\c_p\direct11_2\direct11_2\x64\debug\vc142.pdb
c:\c_p\direct11_2\direct11_2\x64\debug\vc142.idb
c:\c_p\direct11_2\direct11_2\x64\debug\systemclass.obj
c:\c_p\direct11_2\direct11_2\x64\debug\stdafx.obj
c:\c_p\direct11_2\direct11_2\x64\debug\modelclass.obj
c:\c_p\direct11_2\direct11_2\x64\debug\main.obj
c:\c_p\direct11_2\direct11_2\x64\debug\inputclass.obj
c:\c_p\direct11_2\direct11_2\x64\debug\graphicsclass.obj
c:\c_p\direct11_2\direct11_2\x64\debug\d3dclass.obj
c:\c_p\direct11_2\direct11_2\x64\debug\colorshaderclass.obj
c:\c_p\direct11_2\direct11_2\x64\debug\cameraclass.obj
c:\c_p\direct11_2\x64\debug\direct11_2.exe
c:\c_p\direct11_2\direct11_2\x64\debug\direct11_2.ilk
c:\c_p\direct11_2\x64\debug\direct11_2.pdb
c:\c\direct11_2\direct11_2\x64\debug\cameraclass.obj
c:\c\direct11_2\direct11_2\x64\debug\colorshaderclass.obj
c:\c\direct11_2\direct11_2\x64\debug\d3dclass.obj
c:\c\direct11_2\direct11_2\x64\debug\graphicsclass.obj
c:\c\direct11_2\direct11_2\x64\debug\inputclass.obj
c:\c\direct11_2\direct11_2\x64\debug\main.obj
c:\c\direct11_2\direct11_2\x64\debug\modelclass.obj
c:\c\direct11_2\direct11_2\x64\debug\stdafx.obj
c:\c\direct11_2\direct11_2\x64\debug\systemclass.obj
c:\c\direct11_2\direct11_2\x64\debug\direct11_2.ilk
c:\c\direct11_2\direct11_2\x64\debug\vc142.idb
c:\c\direct11_2\direct11_2\x64\debug\vc142.pdb
c:\c\direct11_2\x64\debug\direct11_2.pdb
c:\c\direct11_2\x64\debug\direct11_2.exe
c:\c\direct11_2\direct11_2\x64\debug\direct11_2.tlog\cl.command.1.tlog
c:\c\direct11_2\direct11_2\x64\debug\direct11_2.tlog\cl.read.1.tlog
c:\c\direct11_2\direct11_2\x64\debug\direct11_2.tlog\cl.write.1.tlog
c:\c\direct11_2\direct11_2\x64\debug\direct11_2.tlog\link.command.1.tlog
c:\c\direct11_2\direct11_2\x64\debug\direct11_2.tlog\link.read.1.tlog
c:\c\direct11_2\direct11_2\x64\debug\direct11_2.tlog\link.write.1.tlog
